2023-11-19 13:08:46.658 [main] INFO  hu.nye.progtech.Main - info message
2023-11-19 13:08:46.660 [main] WARN  hu.nye.progtech.Main - warn message
2023-11-19 13:08:46.660 [main] ERROR hu.nye.progtech.Main - error message
2023-11-19 13:08:55.916 [main] INFO  hu.nye.progtech.Main - info message
2023-11-19 13:08:55.918 [main] WARN  hu.nye.progtech.Main - warn message
2023-11-19 13:08:55.919 [main] ERROR hu.nye.progtech.Main - error message
2023-11-19 13:09:01.476 [main] INFO  hu.nye.progtech.Main - info message
2023-11-19 13:09:01.479 [main] WARN  hu.nye.progtech.Main - warn message
2023-11-19 13:09:01.479 [main] ERROR hu.nye.progtech.Main - error message
2023-11-19 13:16:49.759 [main] INFO  hu.nye.progtech.Main - trace fghmessage
2023-11-19 13:16:49.798 [main] INFO  hu.nye.progtech.Main - trace fghmessage
2023-11-19 13:16:49.798 [main] INFO  hu.nye.progtech.Main - trace fghmessage
2023-11-19 15:44:55.728 [main] INFO  hu.nye.progtech.Main - Játék elindítva
2023-11-19 15:45:01.145 [main] INFO  hu.nye.progtech.Main - Játék elindítva
2023-11-19 16:13:35.823 [main] INFO  hu.nye.progtech.Main - Játék bezárva
2023-11-19 16:13:40.824 [main] INFO  hu.nye.progtech.Main - Játék elindítva
2023-11-19 16:13:53.365 [main] INFO  hu.nye.progtech.Main - Játék elindítva
2023-11-19 16:14:02.120 [main] INFO  hu.nye.progtech.Main - Játék elindítva
2023-11-19 16:14:05.654 [main] INFO  hu.nye.progtech.Main - Játék bezárva
2023-11-19 16:14:17.331 [main] INFO  hu.nye.progtech.Main - Játék elindítva
2023-11-19 16:14:22.345 [main] INFO  hu.nye.progtech.Main - Játék elindítva
2023-11-19 16:14:24.085 [main] INFO  hu.nye.progtech.Main - Játék elindítva
2023-11-19 16:58:40.191 [main] INFO  hu.nye.progtech.Main - Játék elindítva
2023-11-20 09:24:26.660 [main] INFO  hu.nye.progtech.Main - Játék elindítva
2023-11-20 12:12:09.767 [main] INFO  hu.nye.progtech.Main - Játék elindítva
2023-11-20 21:30:03.494 [main] INFO  hu.nye.progtech.Main - Játék elindítva
2023-11-20 21:31:50.080 [main] INFO  hu.nye.progtech.Main - Játék bezárva
2023-11-20 21:35:04.960 [main] INFO  hu.nye.progtech.Main - Játék elindítva
2023-11-20 21:35:45.902 [main] INFO  hu.nye.progtech.Main - Játék elindítva
2023-11-20 21:37:11.544 [main] INFO  hu.nye.progtech.Main - Játék elindítva
2023-11-20 21:37:25.617 [main] INFO  hu.nye.progtech.Main - Játék elindítva
2023-11-20 21:37:51.043 [main] INFO  hu.nye.progtech.Main - Játék elindítva
2023-11-20 21:39:05.942 [main] INFO  hu.nye.progtech.Main - Játék bezárva
2023-11-25 12:28:36.526 [main] INFO  hu.nye.progtech.Main - Játék elindítva
2023-11-25 12:31:21.097 [main] INFO  hu.nye.progtech.Main - Játék elindítva
2023-11-25 12:31:53.142 [main] INFO  hu.nye.progtech.Main - Játék elindítva
2023-11-25 12:33:30.652 [main] INFO  hu.nye.progtech.Main - Játék elindítva
2023-11-25 12:34:03.884 [main] INFO  hu.nye.progtech.Main - Játék elindítva
2023-11-25 12:35:12.502 [main] INFO  hu.nye.progtech.Main - Játék elindítva
2023-11-25 12:36:12.809 [main] INFO  hu.nye.progtech.Main - Játék elindítva
2023-11-25 12:36:55.084 [main] INFO  hu.nye.progtech.Main - Játék elindítva
2023-11-25 12:40:24.081 [main] INFO  hu.nye.progtech.Main - Játék elindítva
2023-11-25 12:41:33.820 [main] INFO  hu.nye.progtech.Main - Játék elindítva
2023-11-25 12:56:15.947 [main] INFO  hu.nye.progtech.Main - Játék elindítva
2023-11-25 12:57:31.380 [main] INFO  hu.nye.progtech.Main - Játék elindítva
2023-11-25 12:58:48.690 [main] INFO  hu.nye.progtech.Main - Játék elindítva
2023-11-25 12:59:01.841 [main] INFO  hu.nye.progtech.Main - Játék elindítva
2023-11-25 13:01:38.155 [main] INFO  hu.nye.progtech.Main - Játék elindítva
2023-11-25 13:02:08.325 [main] INFO  hu.nye.progtech.Main - Játék elindítva
2023-11-25 13:02:49.217 [main] INFO  hu.nye.progtech.Main - Játék elindítva
2023-11-25 13:03:28.314 [main] INFO  hu.nye.progtech.Main - Játék elindítva
2023-11-25 13:05:07.163 [main] INFO  hu.nye.progtech.Main - Játék elindítva
2023-11-25 13:06:12.341 [main] INFO  hu.nye.progtech.Main - Játék elindítva
2023-11-25 13:06:22.986 [main] INFO  hu.nye.progtech.Main - Játék bezárva
2023-11-25 13:06:34.698 [main] INFO  hu.nye.progtech.Main - Játék elindítva
2023-11-25 13:09:53.500 [main] INFO  hu.nye.progtech.Main - Játék elindítva
2023-11-25 13:34:22.600 [main] INFO  hu.nye.progtech.Main - Játék elindítva
2023-11-25 13:44:06.400 [main] INFO  hu.nye.progtech.Main - Játék elindítva
2023-11-25 13:44:20.432 [main] INFO  hu.nye.progtech.Main - Játék elindítva
2023-11-25 13:53:58.049 [main] INFO  hu.nye.progtech.Main - Játék elindítva
2023-11-25 13:55:55.521 [main] INFO  hu.nye.progtech.Main - Játék elindítva
2023-11-25 14:05:25.441 [main] INFO  hu.nye.progtech.Main - Játék elindítva
